[miner1] saying: Gold perceived: gold(1,1)
[miner1] saying: Going for gold(1,1)
[leader] saying: Defining quadrants for 35x35 simulation 5
[leader] saying: Finished all quadrs for 5
[miner1] saying: No longer free while waiting for myQuad.
[miner1] saying: Handling gold(1,1) now.
[miner4] saying: Gold perceived: gold(20,20)
[leader] saying: - InitPos miner2 is 20x0
[leader] saying: - InitPos miner3 is 6x26
[miner4] saying: Going for gold(20,20)
[miner4] saying: No longer free while waiting for myQuad.
[miner4] saying: Handling gold(20,20) now.
[miner4] saying: Announcing gold(20,21) to others
[miner4] saying: I've reached 20x20
[leader] saying: - InitPos miner1 is 1x0
[miner4] doing: do(pick)
[miner1] doing: do(down)
[miner4] doing: do(up)
[miner4] doing: do(up)
[leader] saying: * InitPos miner4 is 20x20
[leader] saying: bid from miner3 for gold(20,21) is 19
[leader] saying: bid from miner2 for gold(20,21) is 21
[miner4] doing: do(up)
[miner1] saying: I've reached 1x1
[miner1] doing: do(pick)
[miner4] doing: do(left)
[miner1] doing: do(down)
[miner4] doing: do(left)
[leader] saying: bid from miner1 for gold(20,21) is 1000
[leader] saying: Gold gold(20,21) was allocated to miner3 options was [op(19,miner3),op(21,miner2),op(1000,miner1)]
[miner3] saying: Gold gold(20,21) allocated to miner3
[miner3] saying: Going for gold(20,21)
[miner3] saying: Handling gold(20,21) now.
[miner2] saying: Gold gold(20,21) allocated to miner2
[miner3] doing: do(down)
[miner2] saying: Going for gold(20,21)
[miner2] saying: Handling gold(20,21) now.
[miner2] doing: do(down)
[miner1] doing: do(down)
[miner3] doing: do(left)
[leader] saying: miner1's Quadrant is: 1
[miner1] saying: I can not handle gold(20,21) anymore!
[miner3] doing: do(down)
[miner4] saying: I can not handle gold(20,21) anymore!
[leader] saying: miner2's Quadrant is: 2
[miner4] doing: do(up)
[miner2] saying: Giving up current gold gold(20,21) to handle gold(19,2) which I am seeing!
[miner2] saying: Announcing gold(20,21) to others
[miner2] saying: Going for gold(19,2)
[miner1] doing: do(down)
[miner4] doing: do(left)
[miner2] saying: Handling gold(19,2) now.
[miner2] saying: No longer free while waiting for myQuad.
[miner2] doing: do(down)
[leader] saying: miner3's Quadrant is: 3
[miner2] doing: do(left)
[leader] saying: miner4's Quadrant is: 4
[miner1] doing: do(down)
[miner3] saying: No longer free while waiting for myQuad.
[miner2] saying: I've reached 19x2
[miner2] doing: do(pick)
[leader] saying: bid from miner1 for gold(20,21) is 1000
[miner4] doing: do(left)
[miner4] saying: I've reached 16x16
[miner4] doing: do(drop)
[miner2] doing: do(left)
[leader] saying: bid from miner3 for gold(20,21) is 1000
[miner3] doing: do(left)
[miner1] doing: do(right)
[MiningPlanet] Agent 4 carried a gold to depot!
[miner4] saying: Finish handling gold(20,20)
[miner2] doing: do(left)
[miner1] saying: Announcing gold(3,5) to others
[miner2] doing: do(down)
[miner1] doing: do(skip)
[miner3] doing: do(left)
[leader] saying: bid from miner3 for gold(3,5) is 1000
[leader] saying: bid from miner2 for gold(3,5) is 1000
[miner2] doing: do(down)
[miner4] Generating goal deletion -!choose_gold from goal: +!choose_gold
[miner1] doing: do(down)
[miner4] saying: in Q1 to 34x17
[miner4] doing: do(down)
[miner2] doing: do(down)
[leader] saying: bid from miner4 for gold(3,5) is 1000
[miner1] doing: do(down)
[miner3] doing: do(up)
[leader] Generating goal deletion -!allocateMinerFor(gold(3,5)) from goal: +!allocateMinerFor(gold(3,5))
[leader] saying: could not allocate gold gold(3,5)
[miner2] doing: do(down)
[miner4] doing: do(right)
[miner2] doing: do(down)
[miner1] doing: do(down)
[miner4] doing: do(right)
[miner3] doing: do(up)
[miner4] doing: do(right)
[miner2] doing: do(right)
[miner3] doing: do(up)
[miner2] doing: do(down)
[miner4] doing: do(right)
[miner2] doing: do(down)
[miner4] doing: do(right)
[miner1] doing: do(down)
[miner1] doing: do(down)
[miner2] doing: do(down)
[miner4] doing: do(right)
[miner3] doing: do(up)
[miner1] doing: do(right)
[miner2] doing: do(down)
[miner4] doing: do(right)
[miner1] doing: do(down)
[miner3] doing: do(right)
[miner2] doing: do(down)
[miner4] doing: do(right)
[miner1] saying: Announcing gold(2,12) to others
[miner1] doing: do(right)
[miner2] doing: do(left)
[miner1] doing: do(down)
[leader] saying: bid from miner3 for gold(2,12) is 1000
[miner3] doing: do(right)
[miner4] doing: do(right)
[leader] saying: bid from miner2 for gold(2,12) is 1000
[miner2] doing: do(down)
[miner1] doing: do(right)
[leader] saying: bid from miner4 for gold(2,12) is 27
[leader] saying: Gold gold(2,12) was allocated to miner4 options was [op(1000,miner3),op(1000,miner2),op(27,miner4)]
[miner4] saying: Gold gold(2,12) allocated to miner4
[miner4] saying: Dropping around(_,_) desires and intentions to handle gold(2,12)
[miner4] saying: Going for gold(2,12)
[miner4] saying: Handling gold(2,12) now.
[miner4] doing: do(left)
[miner1] saying: I can not handle gold(2,12) anymore!
[miner1] doing: do(right)
[miner2] saying: I can not handle gold(2,12) anymore!
[miner2] doing: do(down)
[miner3] saying: I can not handle gold(2,12) anymore!
[miner3] doing: do(right)
[miner4] doing: do(up)
[miner2] doing: do(down)
[miner1] doing: do(right)
[miner4] doing: do(up)
[miner1] doing: do(right)
[miner2] doing: do(down)
[miner3] doing: do(right)
[miner4] doing: do(up)
[miner3] doing: do(right)
[miner1] doing: do(down)
[miner4] doing: do(up)
[miner1] doing: do(right)
[miner2] doing: do(left)
[miner3] doing: do(down)
[miner4] doing: do(up)
[miner2] saying: I've reached 16x16
[miner2] doing: do(drop)
[miner1] doing: do(down)
[MiningPlanet] Agent 2 carried a gold to depot!
[miner2] saying: Finish handling gold(19,2)
[miner3] doing: do(down)
[miner4] doing: do(left)
[miner1] doing: do(down)
[miner4] doing: do(left)
[miner1] doing: do(right)
[miner4] doing: do(left)
[miner3] doing: do(down)
[miner2] saying: Uncommitted gold distances: [d(24,gold(3,5))]1
[miner2] saying: Next gold is gold(3,5)
[miner2] saying: Handling gold(3,5) now.
[miner2] doing: do(up)
[miner4] saying: Announcing gold(20,13) to others
[miner2] doing: do(up)
[miner3] doing: do(down)
[miner1] doing: do(right)
[miner4] doing: do(left)
[leader] saying: bid from miner2 for gold(20,13) is 1000
[miner2] doing: do(left)
[leader] saying: bid from miner1 for gold(20,13) is 1000
[miner1] doing: do(right)
[leader] saying: bid from miner3 for gold(20,13) is 1000
[leader] Generating goal deletion -!allocateMinerFor(gold(20,13)) from goal: +!allocateMinerFor(gold(20,13))
[leader] saying: could not allocate gold gold(20,13)
[miner4] doing: do(left)
[miner1] doing: do(right)
[miner2] doing: do(left)
[miner4] doing: do(left)
[miner3] doing: do(down)
[miner1] doing: do(right)
[miner2] doing: do(up)
[miner4] doing: do(left)
[miner3] doing: do(down)
[miner2] doing: do(up)
[miner1] doing: do(down)
[miner4] doing: do(left)
[miner1] doing: do(right)
[miner3] doing: do(left)
[miner4] doing: do(left)
[miner1] doing: do(right)
[miner2] doing: do(up)
[miner2] doing: do(left)
[miner1] saying: I've reached 16x16
[miner1] doing: do(drop)
[miner3] doing: do(left)
[miner4] doing: do(left)
[miner2] doing: do(up)
[MiningPlanet] Agent 1 carried a gold to depot!
[miner1] saying: Finish handling gold(1,1)
[miner2] doing: do(up)
[miner1] saying: Uncommitted gold distances: [d(7,gold(20,13))]1
[miner1] saying: Next gold is gold(20,13)
[miner1] saying: Handling gold(20,13) now.
[miner4] doing: do(left)
[miner2] doing: do(up)
[miner1] doing: do(up)
[miner3] doing: do(left)
[miner3] doing: do(left)
[miner4] doing: do(left)
[miner1] doing: do(up)
[miner2] doing: do(up)
[miner4] doing: do(left)
[miner2] doing: do(up)
[miner3] doing: do(left)
[miner1] doing: do(right)
[miner4] doing: do(left)
[miner2] doing: do(up)
[miner1] doing: do(right)
[miner4] doing: do(left)
[miner2] saying: Giving up current gold gold(3,5) to handle gold(14,4) which I am seeing!
[miner2] saying: Announcing gold(3,5) to others
[miner3] doing: do(left)
[miner1] doing: do(right)
[miner3] doing: do(left)
[miner2] saying: Going for gold(14,4)
[miner2] saying: Handling gold(14,4) now.
[miner2] doing: do(up)
[leader] saying: bid from miner4 for gold(3,5) is 1000
[miner2] doing: do(right)
[miner1] doing: do(right)
[leader] saying: bid from miner3 for gold(3,5) is 1000
[miner4] doing: do(left)
[miner3] doing: do(up)
[miner4] doing: do(left)
[miner3] doing: do(up)
[miner1] doing: do(up)
[miner4] doing: do(left)
[miner3] doing: do(up)
[miner1] saying: I've reached 20x13
[miner1] doing: do(pick)
[miner2] saying: I've reached 14x4
[miner2] doing: do(pick)
[miner4] doing: do(left)
[miner1] doing: do(down)
[miner2] doing: do(down)
[miner4] doing: do(left)
[miner2] doing: do(down)
[miner1] doing: do(left)
[miner3] doing: do(up)
[miner4] doing: do(up)
[miner1] doing: do(left)
[miner4] doing: do(left)
[miner3] doing: do(up)
[miner2] doing: do(down)
[miner4] doing: do(left)
[miner2] doing: do(left)
[miner1] doing: do(down)
[miner3] doing: do(up)
[miner2] doing: do(down)
[miner1] doing: do(down)
[miner2] doing: do(down)
[miner3] doing: do(up)
[miner4] doing: do(down)
[miner1] doing: do(left)
[miner4] saying: I've reached 2x12
[miner1] doing: do(left)
[miner3] saying: Giving up current gold gold(20,21) to handle gold(2,22) which I am seeing!
[miner4] doing: do(pick)
[miner2] doing: do(down)
[miner3] saying: Announcing gold(20,21) to others
[miner3] saying: Going for gold(2,22)
[miner3] saying: Handling gold(2,22) now.
[miner3] doing: do(up)
[miner1] saying: I've reached 16x16
[miner1] doing: do(drop)
[MiningPlanet] Agent 1 carried a gold to depot!
[leader] saying: bid from miner2 for gold(20,21) is 1000
[leader] Generating goal deletion -!allocateMinerFor(gold(20,21)) from goal: +!allocateMinerFor(gold(20,21))
[leader] saying: could not allocate gold gold(20,21)
[miner4] doing: do(up)
[miner2] doing: do(down)
[miner1] saying: Finish handling gold(20,13)
[miner4] doing: do(right)
[miner3] doing: do(right)
[miner1] Generating goal deletion -!choose_gold from goal: +!choose_gold
[miner4] doing: do(right)
[miner2] doing: do(down)
[miner3] saying: I've reached 2x22
[miner3] doing: do(pick)
[miner4] doing: do(down)
[miner1] doing: do(up)
[miner2] doing: do(right)
[miner3] doing: do(up)
[miner2] doing: do(down)
[miner3] doing: do(right)
[miner3] doing: do(right)
[miner1] doing: do(up)
[miner4] doing: do(skip)
[miner2] doing: do(down)
[miner4] doing: do(right)
[miner3] doing: do(up)
[miner3] doing: do(up)
[miner2] doing: do(down)
[miner1] doing: do(right)
[miner4] doing: do(right)
[miner2] doing: do(down)
[miner1] doing: do(left)
[miner3] doing: do(up)
[miner4] doing: do(right)
[miner3] doing: do(right)
[miner2] doing: do(right)
[miner4] doing: do(right)
[miner2] doing: do(right)
[miner3] doing: do(right)
[miner1] doing: do(left)
[miner4] doing: do(down)
[miner2] saying: I've reached 16x16
[miner2] doing: do(drop)
[miner4] doing: do(right)
[miner3] doing: do(right)
[miner1] doing: do(left)
[MiningPlanet] Agent 2 carried a gold to depot!
[miner2] saying: Finish handling gold(14,4)
[miner2] saying: Uncommitted gold distances: [d(24,gold(3,5))]1
[miner2] saying: Next gold is gold(3,5)
[miner2] saying: Handling gold(3,5) now.
[miner2] doing: do(up)
[miner3] doing: do(right)
[miner1] doing: do(up)
[miner4] doing: do(down)
[miner2] doing: do(left)
[miner1] doing: do(up)
[miner4] doing: do(down)
[miner2] doing: do(left)
[miner3] doing: do(right)
[miner4] doing: do(right)
[miner2] doing: do(left)
[miner1] doing: do(up)
[miner3] doing: do(right)
[miner4] doing: do(right)
[miner2] doing: do(left)
[miner1] doing: do(left)
[miner3] doing: do(right)
[miner4] doing: do(down)
[miner2] doing: do(up)
[miner3] doing: do(right)
[miner1] doing: do(up)
[miner3] doing: do(right)
[miner4] doing: do(down)
[miner4] doing: do(up)
[miner1] doing: do(up)
[miner3] doing: do(right)
[miner2] doing: do(up)
[miner4] doing: do(right)
[miner1] doing: do(up)
[miner3] doing: do(up)
[miner2] doing: do(up)
[miner1] doing: do(up)
[miner2] doing: do(up)
[miner2] doing: do(up)
[miner3] doing: do(up)
[miner1] doing: do(up)
[miner4] doing: do(up)
[miner4] doing: do(right)
[miner1] doing: do(left)
[miner3] doing: do(right)
[miner2] doing: do(up)
[miner1] doing: do(left)
[miner3] doing: do(right)
[miner2] doing: do(left)
[miner4] doing: do(right)
[miner3] saying: I've reached 16x16
[miner1] doing: do(up)
[miner3] doing: do(drop)
[miner2] doing: do(left)
[MiningPlanet] Agent 3 carried a gold to depot!
[miner3] saying: Finish handling gold(2,22)
[miner2] doing: do(up)
[miner1] doing: do(up)
[miner3] Generating goal deletion -!choose_gold from goal: +!choose_gold
[miner1] doing: do(up)
[miner3] doing: do(down)
[miner2] doing: do(up)
[miner2] doing: do(up)
[miner3] doing: do(left)
[miner4] doing: do(left)
[miner2] doing: do(up)
[miner1] doing: do(left)
[miner3] doing: do(left)
[miner4] doing: do(right)
[miner1] doing: do(up)
[miner2] doing: do(left)
[miner3] doing: do(down)
[miner4] doing: do(down)
[miner1] doing: do(up)
[miner2] doing: do(left)
[miner3] doing: do(left)
[miner1] doing: do(up)
[miner2] doing: do(left)
[miner3] doing: do(left)
[miner1] doing: do(left)
[miner4] doing: do(right)
[miner2] doing: do(left)
[miner3] doing: do(left)
[miner1] doing: do(left)
[miner4] doing: do(right)
[miner2] doing: do(left)
[miner1] doing: do(left)
[miner4] saying: I've reached 16x16
[miner1] doing: do(left)
[miner4] doing: do(drop)
[miner2] doing: do(left)
[miner3] doing: do(left)
[MiningPlanet] Agent 4 carried a gold to depot!
[miner4] saying: Finish handling gold(2,12)
[miner2] doing: do(left)
[miner3] doing: do(left)
[miner4] Generating goal deletion -!choose_gold from goal: +!choose_gold
[miner4] saying: in Q1 to 34x17
[miner2] saying: I've reached 3x5
[miner2] doing: do(pick)
[miner4] doing: do(down)
[miner3] doing: do(left)
[miner1] doing: do(left)
[miner2] doing: do(down)
[miner3] doing: do(left)
[miner2] doing: do(down)
[miner4] doing: do(right)
[miner1] doing: do(left)
[miner3] doing: do(up)
[miner2] doing: do(down)
[miner4] doing: do(right)
[miner1] doing: do(left)
[miner3] doing: do(left)
[miner2] doing: do(down)
[miner1] doing: do(left)
[miner4] doing: do(right)
[miner2] doing: do(right)
[miner1] doing: do(left)
[miner4] doing: do(right)
[miner3] doing: do(left)
[miner2] doing: do(right)
[miner1] saying: in Q1 to 16x0
[miner3] doing: do(left)
[miner4] doing: do(right)
[miner2] doing: do(down)
[miner1] doing: do(right)
[miner3] doing: do(left)
[miner4] doing: do(right)
[miner2] doing: do(right)
[miner1] doing: do(right)
[miner3] doing: do(left)
[miner4] doing: do(right)
[miner2] doing: do(down)
[miner1] doing: do(right)
[miner4] doing: do(right)
[miner1] doing: do(right)
[miner2] doing: do(right)
[miner3] doing: do(left)
[miner4] doing: do(right)
[miner1] doing: do(right)
[miner2] doing: do(down)
[miner3] saying: in Q1 to 16x17
[miner4] doing: do(right)
[miner1] doing: do(right)
[miner2] doing: do(right)
[miner3] doing: do(right)
[miner4] doing: do(right)
[miner1] doing: do(right)
[miner2] doing: do(down)
[miner3] doing: do(right)
[miner4] doing: do(down)
[miner1] doing: do(right)
[miner2] doing: do(right)
[miner3] doing: do(right)
[miner1] doing: do(right)
[miner3] doing: do(right)
[miner4] doing: do(right)
[miner1] doing: do(right)
[miner2] doing: do(down)
[miner3] doing: do(right)
[miner4] doing: do(right)
[miner2] doing: do(down)
[miner1] doing: do(right)
[miner4] doing: do(up)
[miner2] doing: do(right)
[miner3] doing: do(right)
[miner1] doing: do(right)
[miner3] doing: do(down)
[miner4] doing: do(right)
[miner1] doing: do(right)
[miner3] doing: do(right)
[miner2] doing: do(right)
[miner4] doing: do(right)
[miner1] doing: do(right)
[miner3] doing: do(right)
[miner2] doing: do(right)
[miner4] doing: do(right)
[miner1] saying: in Q2 to 0x2
[miner3] doing: do(right)
[miner1] doing: do(left)
[miner2] doing: do(right)
[miner1] doing: do(down)
[miner2] doing: do(right)
[miner4] doing: do(right)
[miner3] doing: do(right)
[miner4] saying: in Q2 to 17x19
[miner1] doing: do(down)
[miner3] doing: do(right)
[miner2] doing: do(down)
[miner4] doing: do(skip)
[miner3] doing: do(right)
[miner3] doing: do(right)
[miner1] doing: do(left)
[miner2] doing: do(right)
[miner4] saying: in Q3 to 34x21
[miner4] doing: do(down)
[miner1] doing: do(left)
[miner1] doing: do(left)
[miner2] doing: do(right)
[miner3] doing: do(up)
[miner4] doing: do(down)
[miner2] saying: I've reached 16x16
[miner2] doing: do(drop)
[miner3] doing: do(right)
[miner1] doing: do(left)
[miner4] doing: do(down)
[MiningPlanet] Agent 2 carried a gold to depot!
[miner2] saying: Finish handling gold(3,5)
[miner1] doing: do(left)
[miner2] Generating goal deletion -!choose_gold from goal: +!choose_gold
[miner2] doing: do(up)
[miner1] doing: do(left)
[miner3] saying: in Q2 to 0x19
[miner4] saying: in Q2 to 17x23
[miner4] doing: do(down)
[miner4] doing: do(left)
[miner2] doing: do(up)
[miner1] doing: do(left)
[miner3] doing: do(down)
[miner2] doing: do(right)
[miner1] doing: do(left)
[miner3] doing: do(left)
[miner2] doing: do(up)
[miner1] doing: do(left)
[miner4] doing: do(down)
[miner3] doing: do(left)
[miner1] doing: do(left)
[miner4] doing: do(down)
[miner1] doing: do(left)
[miner2] doing: do(up)
[miner3] doing: do(left)
[miner4] doing: do(left)
[miner1] doing: do(left)
[miner2] doing: do(up)
[miner3] doing: do(left)
[miner4] doing: do(left)
[miner1] doing: do(left)
[miner3] doing: do(left)
[miner2] doing: do(up)
[miner4] doing: do(left)
[miner3] doing: do(left)
[miner2] doing: do(up)
[miner4] doing: do(left)
[miner1] saying: in Q3 to 16x4
[miner1] doing: do(right)
[miner2] doing: do(right)
[miner3] doing: do(left)
[miner4] doing: do(left)
[miner1] doing: do(right)
[miner2] doing: do(up)
[miner4] doing: do(left)
[miner3] doing: do(left)
[miner1] doing: do(right)
[miner4] doing: do(left)
[miner2] doing: do(up)
[miner3] doing: do(left)
[miner4] saying: Gold perceived: gold(24,24)
[miner4] saying: Dropping around(_,_) desires and intentions to handle gold(24,24)
[miner4] saying: Going for gold(24,24)
[miner4] saying: Handling gold(24,24) now.
[miner2] doing: do(up)
[miner1] doing: do(right)
[miner3] doing: do(left)
[miner4] doing: do(down)
[miner4] doing: do(left)
[miner2] doing: do(up)
[miner1] doing: do(right)
[miner3] doing: do(left)
[miner4] saying: I've reached 24x24
[miner4] doing: do(pick)
[miner2] doing: do(up)
[miner1] doing: do(right)
[miner3] doing: do(up)
[miner2] doing: do(left)
[miner4] doing: do(up)
[miner1] doing: do(right)
[miner4] doing: do(up)
[miner1] doing: do(right)
[miner3] doing: do(left)
[miner4] doing: do(up)
[miner3] doing: do(left)
[miner3] doing: do(down)
[miner1] doing: do(down)
[miner4] doing: do(up)
[miner2] doing: do(up)
[miner2] doing: do(up)
[miner1] doing: do(down)
[miner4] doing: do(up)
[miner3] doing: do(down)
[miner2] doing: do(up)
[miner1] doing: do(right)
[miner4] doing: do(up)
[miner3] doing: do(left)
[miner2] saying: in Q1 to 34x0
[miner1] doing: do(right)
[miner4] doing: do(up)
[miner1] doing: do(right)
[miner2] doing: do(up)
[miner3] saying: in Q3 to 16x21
[miner3] doing: do(down)
[miner4] doing: do(left)
[miner1] doing: do(right)
[miner2] doing: do(right)
[miner3] doing: do(down)
[miner4] doing: do(left)
[miner1] doing: do(right)
[miner2] doing: do(right)
[miner3] doing: do(right)
[miner4] doing: do(left)
[miner1] doing: do(right)
[miner2] doing: do(right)
[miner4] doing: do(left)
[miner2] doing: do(right)
[miner3] doing: do(right)
[miner2] doing: do(right)
[miner4] doing: do(left)
[miner1] saying: in Q2 to 0x6
[miner1] doing: do(down)
[miner2] doing: do(right)
[miner3] doing: do(right)
[miner2] doing: do(right)
[miner1] doing: do(down)
[miner4] doing: do(left)
[miner3] doing: do(right)
[miner2] doing: do(right)
[miner1] doing: do(left)
[miner4] doing: do(up)
[miner3] doing: do(right)
[miner2] doing: do(right)
[miner3] doing: do(right)
[miner4] doing: do(left)
[miner1] doing: do(left)
[miner2] doing: do(right)
[miner3] doing: do(right)
[miner1] doing: do(left)
[miner3] doing: do(right)
[miner2] doing: do(right)
[miner1] doing: do(left)
[miner4] doing: do(left)
[miner3] doing: do(right)
[miner4] saying: I've reached 16x16
[miner4] doing: do(drop)
[miner1] doing: do(left)
[miner3] doing: do(right)
[miner2] doing: do(right)
[MiningPlanet] Agent 4 carried a gold to depot!
[miner4] saying: Finish handling gold(24,24)
[miner4] Generating goal deletion -!choose_gold from goal: +!choose_gold
[miner2] doing: do(right)
[miner3] doing: do(right)
[miner2] doing: do(right)
[miner1] doing: do(left)
[miner3] doing: do(right)
[miner4] saying: in Q1 to 34x17
[miner4] doing: do(down)
[miner1] doing: do(left)
[miner1] doing: do(left)
[miner2] doing: do(right)
[miner3] doing: do(right)
[miner4] doing: do(right)
[miner3] saying: Gold perceived: gold(15,20)
[miner3] saying: Dropping around(_,_) desires and intentions to handle gold(15,20)
[miner3] saying: Going for gold(15,20)
[miner2] doing: do(right)
[miner4] doing: do(right)
[miner1] doing: do(left)
[miner3] saying: Handling gold(15,20) now.
[miner3] doing: do(up)
[miner3] doing: do(right)
[miner2] saying: in Q2 to 17x2
[miner2] doing: do(down)
[miner1] doing: do(left)
[miner1] doing: do(left)
[miner4] doing: do(right)
[miner3] saying: I've reached 15x20
[miner3] doing: do(pick)
[miner2] doing: do(down)
[miner1] doing: do(left)
[miner4] doing: do(right)
[miner2] doing: do(left)
[miner3] doing: do(up)
[miner4] doing: do(right)
[miner2] doing: do(left)
[miner3] doing: do(up)
[miner2] doing: do(left)
[miner1] doing: do(left)
[miner4] doing: do(right)
[miner1] doing: do(left)
[miner3] doing: do(up)
[miner2] doing: do(left)
[miner4] doing: do(right)
[miner3] doing: do(up)
[miner2] doing: do(left)
[miner4] doing: do(right)
[miner1] saying: in Q3 to 16x8
[miner3] doing: do(right)
[miner2] doing: do(left)
[miner4] doing: do(right)
[miner1] doing: do(skip)
[miner4] doing: do(right)
[miner3] saying: I've reached 16x16
[miner3] doing: do(drop)
[miner1] saying: in Q2 to 0x10
[miner2] doing: do(left)
[MiningPlanet] Agent 3 carried a gold to depot!
[miner3] saying: Finish handling gold(15,20)
[miner2] doing: do(left)
[miner4] doing: do(right)
[miner3] Generating goal deletion -!choose_gold from goal: +!choose_gold
[miner3] doing: do(down)
[miner1] doing: do(down)
[miner2] doing: do(left)
[miner4] doing: do(down)
[miner3] doing: do(left)
[miner1] doing: do(down)
[miner2] doing: do(left)
[miner4] doing: do(right)
[miner1] doing: do(down)
[miner2] doing: do(left)
[miner4] doing: do(right)
[miner3] doing: do(left)
[miner2] doing: do(left)
[miner3] doing: do(down)
[miner1] saying: in Q3 to 16x12
[miner1] doing: do(right)
[miner2] doing: do(left)
[miner4] doing: do(up)
[miner1] doing: do(down)
[miner2] doing: do(left)
[miner4] doing: do(right)
[miner3] doing: do(left)
[miner1] doing: do(right)
[miner3] doing: do(left)
[miner4] doing: do(right)
[miner1] doing: do(down)
[miner2] doing: do(left)
[miner3] doing: do(left)
[miner4] doing: do(right)
[miner1] doing: do(right)
[miner4] doing: do(right)
[miner1] doing: do(down)
[miner3] doing: do(left)
[miner2] saying: in Q3 to 34x4
[miner2] doing: do(right)
[miner3] doing: do(left)
[miner2] doing: do(right)
[miner3] doing: do(left)
[miner1] doing: do(right)
[miner4] saying: in Q2 to 17x19
[miner4] doing: do(skip)
[miner2] doing: do(right)
[miner1] doing: do(right)
[miner3] doing: do(left)
[miner4] saying: in Q3 to 34x21
[miner2] doing: do(down)
[miner1] doing: do(right)
[miner2] doing: do(down)
[miner1] doing: do(right)
[miner3] doing: do(up)
[miner4] doing: do(down)
[miner2] doing: do(right)
[miner4] doing: do(down)
[miner1] doing: do(right)
[miner3] doing: do(left)
[miner3] doing: do(left)
[miner2] doing: do(right)
[miner4] doing: do(down)
[miner1] doing: do(right)
[miner2] doing: do(right)
[miner3] doing: do(left)
[miner4] saying: in Q2 to 17x23
[miner2] doing: do(right)
[miner1] doing: do(right)
[miner2] doing: do(right)
[miner1] doing: do(right)
[miner3] doing: do(left)
[miner4] doing: do(down)
[miner1] doing: do(right)
[miner3] doing: do(left)
[miner4] doing: do(left)
[miner2] doing: do(right)
[miner1] doing: do(right)
[miner3] doing: do(left)
[miner4] doing: do(down)
[miner2] doing: do(right)
[miner1] doing: do(right)
[miner3] saying: in Q1 to 16x17
[miner2] doing: do(right)
[miner4] doing: do(down)
[miner2] doing: do(right)
[miner4] doing: do(left)
[miner3] doing: do(right)
[miner3] doing: do(right)
[miner1] saying: in Q2 to 0x14
[miner1] doing: do(left)
[miner3] doing: do(right)
[miner2] doing: do(right)
[miner4] doing: do(left)
[miner2] doing: do(right)
[miner1] doing: do(left)
[miner3] doing: do(right)
[miner4] doing: do(left)
[miner2] doing: do(right)
[miner1] doing: do(left)
[miner3] doing: do(right)
[miner4] doing: do(left)
[miner2] saying: in Q2 to 17x6
[miner1] doing: do(left)
[miner4] doing: do(left)
[miner3] doing: do(right)
[miner2] doing: do(down)
[miner2] doing: do(down)
[miner1] doing: do(left)
[miner3] doing: do(down)
[miner4] doing: do(left)
[miner1] doing: do(left)
[miner2] doing: do(left)
[miner3] doing: do(right)
[miner4] doing: do(left)
[miner1] doing: do(left)
[miner2] doing: do(left)
[miner3] doing: do(right)
[miner4] doing: do(left)
[miner1] doing: do(left)
[miner4] doing: do(left)
[miner2] doing: do(left)
[miner1] doing: do(left)
[miner3] doing: do(right)
[miner2] doing: do(left)
[miner4] doing: do(left)
[miner2] doing: do(left)
[miner3] doing: do(right)
[miner4] doing: do(left)
[miner1] doing: do(left)
[miner2] doing: do(left)
[miner1] doing: do(left)
[miner3] doing: do(right)
[miner4] doing: do(left)
[miner2] doing: do(left)
[miner3] doing: do(right)
[miner4] doing: do(left)
[miner2] doing: do(left)
[miner1] doing: do(up)
[miner4] doing: do(left)
[miner3] doing: do(right)
[miner1] doing: do(left)
[miner2] doing: do(left)
[miner4] saying: in Q3 to 34x25
[miner3] doing: do(up)
[miner2] doing: do(left)
[miner1] doing: do(left)
[miner4] doing: do(right)
[miner2] doing: do(left)
[miner1] doing: do(down)
[miner3] doing: do(right)
[miner4] doing: do(right)
[miner1] doing: do(down)
[miner2] doing: do(left)
[miner4] doing: do(right)
[miner3] saying: in Q2 to 0x19
[miner1] doing: do(down)
[miner3] doing: do(down)
[miner2] doing: do(left)
[miner4] doing: do(right)
[miner2] doing: do(left)
[miner4] doing: do(right)
[miner3] doing: do(left)
[miner1] doing: do(left)
[miner2] doing: do(left)
[miner4] doing: do(right)
[miner3] doing: do(left)
[miner4] doing: do(right)
[miner2] saying: in Q3 to 34x8
[miner3] doing: do(left)
[miner4] doing: do(right)
[miner2] doing: do(right)
[miner1] saying: in Q3 to 16x16
[miner1] doing: do(down)
[miner1] doing: do(down)
[miner4] doing: do(right)
[miner2] doing: do(right)
[miner3] doing: do(left)
[miner1] doing: do(right)
[miner4] doing: do(right)
[miner2] doing: do(down)
[miner3] doing: do(left)
[miner1] doing: do(right)
[miner2] doing: do(right)
[miner4] doing: do(right)
[miner3] doing: do(left)
[miner1] doing: do(right)
[miner2] doing: do(down)
[miner4] doing: do(right)
[miner3] doing: do(left)
[miner1] doing: do(right)
[miner4] doing: do(right)
[miner2] doing: do(right)
[miner1] doing: do(right)
[miner4] doing: do(right)
[miner2] doing: do(right)
[miner3] doing: do(left)
[miner1] doing: do(right)
[miner4] doing: do(down)
[miner2] doing: do(right)
[miner3] doing: do(left)
[miner3] doing: do(left)
[miner4] doing: do(down)
[miner2] doing: do(right)
[miner1] doing: do(down)
[miner2] doing: do(right)
[miner4] doing: do(right)
[miner3] doing: do(left)
[miner1] doing: do(down)
[miner3] doing: do(up)
[miner2] doing: do(right)
[miner4] saying: in Q2 to 17x27
[miner2] doing: do(right)
[miner4] doing: do(down)
[miner1] doing: do(right)
[miner3] doing: do(left)
[miner4] doing: do(down)
[miner1] doing: do(right)
[miner3] doing: do(left)
[miner2] doing: do(right)
[miner4] doing: do(left)
[miner1] doing: do(right)
[miner3] doing: do(down)
[miner2] doing: do(right)
[miner4] doing: do(left)
[miner1] doing: do(right)
[miner3] doing: do(down)
[miner2] doing: do(right)
[miner4] doing: do(left)
[miner1] doing: do(right)
[miner4] doing: do(left)
[miner2] doing: do(right)
[miner1] doing: do(right)
[miner3] doing: do(left)
[miner4] doing: do(left)
[miner1] doing: do(right)
[miner2] doing: do(right)
[miner4] doing: do(left)
[miner3] saying: in Q3 to 16x21
[miner3] doing: do(down)
[miner4] doing: do(left)
[miner2] saying: in Q2 to 17x10
[miner2] doing: do(down)
[miner1] doing: do(up)
[miner3] doing: do(down)
[miner4] doing: do(left)
[miner1] doing: do(up)
[miner3] doing: do(right)
[miner2] doing: do(down)
[miner4] doing: do(left)
[miner1] doing: do(right)
[miner3] doing: do(right)
[miner2] doing: do(left)
[miner4] doing: do(left)
[miner3] doing: do(right)
[miner2] doing: do(left)
[miner4] doing: do(left)
[miner1] saying: in Q4 to 0x0
[miner3] doing: do(right)
[miner2] doing: do(left)
[miner4] doing: do(left)
[miner1] doing: do(up)
[miner2] doing: do(left)
[miner3] doing: do(right)
[miner4] doing: do(left)
[miner2] doing: do(left)
[miner1] doing: do(left)
[miner4] doing: do(left)
[miner3] doing: do(right)
[miner2] doing: do(left)
[miner1] doing: do(up)
[miner4] doing: do(left)
[miner3] doing: do(right)
[miner2] doing: do(left)
[miner2] doing: do(left)
[miner3] doing: do(right)
[miner1] doing: do(up)
[miner4] saying: in Q3 to 34x29
[miner4] doing: do(down)
[miner2] doing: do(left)
[miner3] doing: do(right)
[miner1] doing: do(up)
[miner2] doing: do(left)
[miner3] doing: do(right)
[miner1] doing: do(up)
[miner4] doing: do(down)
[miner2] doing: do(left)
[miner3] doing: do(right)
[miner4] doing: do(right)
[miner4] doing: do(right)
[miner3] doing: do(right)
[miner2] doing: do(left)
[miner1] doing: do(left)
[miner4] doing: do(right)
[miner3] doing: do(right)
[miner2] doing: do(left)
[miner1] doing: do(up)
[miner3] doing: do(right)
[miner2] doing: do(left)
[miner1] doing: do(up)
[miner4] doing: do(right)
[miner3] saying: in Q2 to 0x23
[miner2] doing: do(left)
[miner2] saying: in Q3 to 34x12
[miner3] doing: do(down)
[miner1] doing: do(up)
[miner4] doing: do(right)
[miner2] doing: do(right)
[miner4] doing: do(right)
[miner2] doing: do(right)
[miner1] doing: do(up)
[miner3] doing: do(left)
[miner2] doing: do(right)
[miner4] doing: do(right)
[miner3] doing: do(left)
[miner1] doing: do(up)
[miner4] doing: do(right)
[miner2] doing: do(right)
[miner3] doing: do(left)
[miner1] doing: do(left)
[miner4] doing: do(right)
[miner3] doing: do(left)
[miner2] doing: do(right)
[miner1] doing: do(left)
[miner4] doing: do(right)
[miner3] doing: do(left)
[miner2] doing: do(right)
[miner4] doing: do(right)
[miner3] doing: do(left)
[miner2] doing: do(right)
[miner1] doing: do(up)
[miner4] doing: do(right)
[miner3] doing: do(left)
[miner2] doing: do(right)
[miner1] doing: do(up)
[miner4] doing: do(right)
[miner3] doing: do(left)
[miner2] doing: do(right)
[miner1] doing: do(up)
[miner4] doing: do(right)
[miner3] doing: do(left)
[miner2] doing: do(right)
[miner1] doing: do(up)
[miner4] doing: do(right)
[miner2] doing: do(right)
[miner1] doing: do(up)
[miner4] saying: in Q2 to 17x31
[miner2] doing: do(right)
[miner3] doing: do(left)
[miner1] doing: do(up)
[miner4] doing: do(down)
[miner2] doing: do(right)
[miner3] doing: do(left)
[miner4] doing: do(down)
[miner1] doing: do(left)
[miner2] doing: do(right)
[miner4] doing: do(left)
[miner1] doing: do(left)
[miner2] doing: do(down)
[miner3] doing: do(left)
[miner4] doing: do(left)
[miner1] doing: do(left)
[miner2] doing: do(right)
[miner3] doing: do(left)
[miner4] doing: do(left)
[miner1] doing: do(left)
[miner2] saying: in Q2 to 17x14
[miner3] doing: do(left)
[miner1] doing: do(left)
[miner4] doing: do(left)
[miner3] saying: in Q3 to 16x25
[miner2] doing: do(left)
[miner1] doing: do(left)
[miner4] doing: do(left)
[miner2] doing: do(left)
[miner1] doing: do(left)
[miner4] doing: do(left)
[miner3] doing: do(right)
[miner2] doing: do(down)
[miner3] doing: do(right)
[miner1] doing: do(left)
[miner2] doing: do(down)
[miner4] doing: do(left)
[miner3] doing: do(right)
[miner1] doing: do(left)
[miner2] doing: do(left)
[miner4] doing: do(left)
[miner3] doing: do(right)
[miner2] doing: do(left)
[miner4] doing: do(left)
[miner3] doing: do(right)
[miner1] doing: do(left)
[miner1] saying: in Q1 to 16x0
[miner4] doing: do(left)
[miner2] doing: do(left)
[miner4] doing: do(left)
[miner3] doing: do(right)
[miner1] doing: do(right)
[miner2] doing: do(left)
[miner4] doing: do(left)
[miner3] doing: do(right)
[miner2] doing: do(down)
[miner1] doing: do(right)
[miner4] doing: do(left)
[miner1] doing: do(right)
[miner3] doing: do(right)
[miner2] doing: do(left)
[miner4] doing: do(left)
[miner1] doing: do(right)
[miner3] doing: do(right)
[miner2] doing: do(left)
[miner1] doing: do(right)
[miner2] doing: do(left)
[miner4] doing: do(left)
[miner3] doing: do(right)
[miner1] doing: do(right)
[miner3] doing: do(down)
[miner3] doing: do(down)
[miner4] saying: in Q3 to 34x33
[miner2] doing: do(left)
[miner2] doing: do(left)
[miner1] doing: do(right)
[miner3] doing: do(down)
[miner2] doing: do(left)
[miner1] doing: do(right)
[miner4] doing: do(right)
[miner3] doing: do(right)
[miner2] doing: do(left)
[miner4] doing: do(right)
[miner1] doing: do(right)
[miner2] doing: do(left)
[miner4] doing: do(right)
[miner1] doing: do(right)
[miner3] doing: do(right)
[miner2] doing: do(left)
[miner1] doing: do(right)
[miner4] doing: do(down)
[miner3] doing: do(right)
[miner1] doing: do(right)
[miner3] doing: do(right)
[miner4] doing: do(down)
[miner2] saying: in Q3 to 34x16
[miner2] doing: do(right)
[miner1] doing: do(right)
[miner4] doing: do(right)
[miner1] doing: do(right)
[miner3] saying: in Q2 to 0x27
[miner2] doing: do(right)
[miner4] doing: do(right)
[miner1] saying: in Q2 to 0x2
[miner4] doing: do(right)
[miner3] doing: do(left)
[miner2] doing: do(right)
[miner1] doing: do(left)
[miner4] doing: do(right)
[miner3] doing: do(left)
[miner2] doing: do(right)
[miner1] doing: do(down)
[miner4] doing: do(right)
[miner2] doing: do(right)
[miner1] doing: do(down)
[miner3] doing: do(left)
[miner4] doing: do(right)
[miner1] doing: do(left)
[miner2] doing: do(right)
[miner3] doing: do(left)
[miner4] doing: do(right)
[miner1] doing: do(left)
[miner2] doing: do(right)
[miner4] doing: do(right)
[miner2] doing: do(right)
[miner4] doing: do(right)
[miner3] doing: do(up)
[miner1] doing: do(left)
[miner2] doing: do(right)
[miner4] doing: do(right)
[miner3] doing: do(up)
[miner1] doing: do(left)
[miner2] doing: do(up)
[miner3] doing: do(up)
[miner4] doing: do(right)
[miner1] doing: do(left)
[miner2] doing: do(right)
[miner3] doing: do(left)
[miner4] doing: do(right)
[miner1] doing: do(left)
[miner2] doing: do(right)
[miner4] saying: Gold perceived: gold(34,34)
[miner4] saying: Dropping around(_,_) desires and intentions to handle gold(34,34)
[miner4] saying: Going for gold(34,34)
[miner4] saying: Handling gold(34,34) now.
[miner4] doing: do(down)
[miner1] doing: do(left)
[miner3] doing: do(left)
[miner4] doing: do(right)
[miner1] doing: do(left)
[miner3] doing: do(left)
[miner2] doing: do(down)
[miner1] doing: do(left)
[miner4] saying: I've reached 34x34
[miner4] doing: do(pick)
[miner3] doing: do(left)
[miner4] doing: do(up)
[miner1] doing: do(left)
[miner2] doing: do(down)
[miner1] doing: do(left)
[miner2] doing: do(down)
[miner4] doing: do(left)
[miner3] doing: do(left)
[miner1] doing: do(left)
[miner4] doing: do(up)
[miner3] doing: do(left)
[miner2] doing: do(right)
[miner1] doing: do(left)
[miner4] doing: do(up)
[miner2] doing: do(right)
[miner3] doing: do(left)
[miner2] doing: do(right)
[miner1] saying: in Q3 to 16x4
[miner1] doing: do(right)
[miner4] doing: do(up)
[miner3] doing: do(left)
[miner2] doing: do(right)
[miner1] doing: do(right)
[miner4] doing: do(up)
[miner3] doing: do(left)
[miner2] saying: in Q4 to 17x0
[miner1] doing: do(right)
[miner4] doing: do(up)
[miner2] doing: do(left)
[miner1] doing: do(right)
[miner4] doing: do(up)
[miner3] doing: do(left)
[miner1] doing: do(right)
[miner2] doing: do(left)
[miner4] doing: do(up)
[miner3] doing: do(down)
[miner1] doing: do(right)
[miner4] doing: do(up)
[miner3] doing: do(down)
[miner4] doing: do(up)
[miner2] doing: do(up)
[miner1] doing: do(right)
[miner2] doing: do(up)
[miner1] doing: do(right)
[miner2] doing: do(up)
[miner1] doing: do(down)
[miner4] doing: do(up)
[miner3] doing: do(down)
[miner2] doing: do(up)
[miner1] doing: do(down)
[miner4] doing: do(up)
[miner3] doing: do(down)
[miner1] doing: do(right)
[miner4] doing: do(left)
[miner2] doing: do(up)
[miner3] saying: in Q3 to 16x29
[miner1] doing: do(right)
[miner3] doing: do(down)
[miner4] doing: do(left)
[miner2] doing: do(up)
[miner1] doing: do(right)
[miner4] doing: do(up)
[miner3] doing: do(down)
[miner2] doing: do(up)
[miner1] doing: do(right)
[miner4] doing: do(up)
[miner1] doing: do(right)
[miner2] doing: do(up)
[miner4] doing: do(up)
[miner3] doing: do(down)
[miner2] doing: do(up)
[miner1] doing: do(right)
[miner2] doing: do(up)
[miner4] doing: do(up)
[miner2] doing: do(up)
[miner3] doing: do(down)
[miner4] doing: do(left)
[miner1] saying: in Q2 to 0x6
[miner4] doing: do(left)
[miner2] doing: do(up)
[miner3] doing: do(down)
[miner1] doing: do(down)
[miner2] doing: do(up)
[miner3] doing: do(down)
[miner1] doing: do(down)
[miner4] doing: do(left)
[miner2] doing: do(up)
[miner3] doing: do(down)
[miner1] doing: do(left)
[miner4] doing: do(left)
[miner2] doing: do(up)
[miner3] doing: do(right)
[miner1] doing: do(left)
[miner4] doing: do(up)
[miner2] doing: do(up)
[miner3] doing: do(right)
[miner1] doing: do(left)
[miner2] doing: do(left)
[miner3] doing: do(right)
[miner1] doing: do(left)
[miner2] doing: do(left)
[miner4] doing: do(left)
[miner1] doing: do(left)
[miner4] doing: do(left)
[miner3] doing: do(right)
[miner2] doing: do(left)
[miner1] doing: do(left)
[miner4] doing: do(left)
[miner2] doing: do(left)
[miner1] doing: do(left)
[miner4] doing: do(left)
[miner2] doing: do(left)
[miner1] doing: do(left)
[miner3] doing: do(right)
[miner4] doing: do(left)
[miner3] doing: do(right)
[miner2] doing: do(left)
[miner1] doing: do(left)
[miner2] doing: do(left)
[miner4] doing: do(left)
[miner3] doing: do(right)
[miner1] doing: do(left)
[miner2] doing: do(left)
[miner4] doing: do(left)
[miner3] doing: do(right)
[miner1] doing: do(left)
[miner3] doing: do(right)
[miner2] doing: do(left)
[miner4] doing: do(left)
[miner1] doing: do(left)
[miner2] doing: do(left)
[miner4] doing: do(left)
[miner1] doing: do(left)
[miner3] doing: do(right)
[miner2] doing: do(left)
[miner4] doing: do(up)
[miner1] doing: do(left)
[miner3] doing: do(up)
[miner2] doing: do(left)
[miner4] doing: do(left)
[miner1] saying: in Q3 to 16x8
[miner2] doing: do(left)
[miner4] doing: do(left)
[miner3] doing: do(up)
[miner2] saying: in Q1 to 34x0
[miner1] doing: do(skip)
[miner3] doing: do(up)
[miner4] saying: I've reached 16x16
[miner4] doing: do(drop)
[miner1] saying: in Q2 to 0x10
[miner2] doing: do(right)
[miner3] doing: do(up)
[MiningPlanet] Agent 4 carried a gold to depot!
[miner2] doing: do(right)
[miner4] saying: Finish handling gold(34,34)
[miner1] doing: do(down)
[miner4] Generating goal deletion -!choose_gold from goal: +!choose_gold
[miner1] doing: do(down)
[miner4] saying: in Q1 to 34x17
[miner4] doing: do(down)
[miner2] doing: do(right)
[miner3] doing: do(right)
[miner1] doing: do(down)
[miner2] doing: do(right)
[miner3] doing: do(right)
[miner4] doing: do(right)
[miner1] saying: in Q3 to 16x12
[miner2] doing: do(right)
[miner1] doing: do(right)
[miner4] doing: do(right)
[miner2] doing: do(right)
[miner3] doing: do(right)
[miner4] doing: do(right)
[miner2] doing: do(right)
[miner2] doing: do(right)
[miner3] doing: do(right)
[miner1] doing: do(down)
[miner4] doing: do(right)
[miner2] doing: do(right)
[miner1] doing: do(right)
[miner4] doing: do(right)
[miner1] doing: do(down)
[miner3] saying: in Q2 to 0x31
[miner3] doing: do(down)
[miner2] doing: do(right)
[miner2] doing: do(right)
[miner3] doing: do(down)
[miner4] doing: do(right)
[miner1] doing: do(right)
[miner1] doing: do(down)
[miner2] doing: do(right)
[miner3] doing: do(left)
[miner4] doing: do(right)
[miner1] doing: do(right)
[miner2] doing: do(right)
[miner3] doing: do(left)
[miner4] doing: do(right)
[miner1] doing: do(right)
[miner1] doing: do(right)
[miner4] doing: do(right)
[miner3] doing: do(left)
[miner2] doing: do(right)
[miner4] doing: do(right)
[miner2] doing: do(right)
[miner1] doing: do(right)
[miner3] doing: do(left)
[miner4] doing: do(right)
[miner2] saying: in Q2 to 17x2
[miner1] doing: do(right)
[miner4] doing: do(down)
[miner2] doing: do(down)
[miner3] doing: do(down)
[miner1] doing: do(right)
[miner2] doing: do(down)
[miner3] doing: do(down)
[miner1] doing: do(right)
[miner4] doing: do(right)
[miner2] doing: do(left)
[miner3] doing: do(left)
[miner1] doing: do(right)
[miner4] doing: do(right)
[miner2] doing: do(left)
[miner3] doing: do(left)
[miner4] doing: do(up)
[miner1] doing: do(right)
[miner2] doing: do(left)
[miner1] doing: do(right)
[miner2] doing: do(left)
[miner4] doing: do(right)
[miner1] doing: do(right)
[miner4] doing: do(right)
[miner3] doing: do(left)
[miner2] doing: do(left)
[miner3] doing: do(left)
[miner2] doing: do(left)
[miner4] doing: do(right)
[miner1] saying: in Q2 to 0x14
[miner3] doing: do(left)
[miner1] doing: do(left)
[miner2] doing: do(left)
[miner4] doing: do(right)
[miner3] doing: do(left)
[miner1] doing: do(left)
[miner2] doing: do(left)
[miner4] saying: in Q2 to 17x19
[miner2] doing: do(left)
[miner3] doing: do(left)
[miner1] doing: do(left)
[miner3] doing: do(left)
[miner1] doing: do(left)
[miner2] doing: do(left)
[miner3] doing: do(left)
[miner2] doing: do(left)
[miner1] doing: do(left)
[miner3] doing: do(left)
[miner2] doing: do(left)
[miner3] doing: do(up)
[miner2] doing: do(left)
[miner1] doing: do(left)
[miner3] saying: in Q3 to 16x33
[miner3] doing: do(down)
[miner2] doing: do(left)
[miner1] doing: do(left)
[miner3] doing: do(right)
[miner1] doing: do(left)
[miner1] doing: do(left)
[miner2] doing: do(left)
[miner1] doing: do(left)
[miner3] doing: do(right)
[miner2] saying: in Q3 to 34x4
[miner2] doing: do(right)
[miner1] doing: do(left)
[miner2] doing: do(right)
[miner3] doing: do(right)
[miner3] doing: do(right)
[miner3] doing: do(right)
[miner1] doing: do(up)
[miner2] doing: do(right)
[miner1] doing: do(left)
[miner1] doing: do(left)
[miner4] doing: do(skip)
[miner3] doing: do(right)
[miner1] doing: do(down)
[miner2] doing: do(down)
[miner2] doing: do(down)
[miner4] saying: in Q3 to 34x21
[miner4] doing: do(down)
[miner2] doing: do(right)
[miner3] doing: do(right)
[miner4] doing: do(down)
[miner1] doing: do(down)
[miner2] doing: do(right)
[miner3] doing: do(right)
[miner1] doing: do(down)
[miner2] doing: do(right)
[miner3] doing: do(right)
[miner4] doing: do(down)
[miner1] doing: do(left)
[miner2] doing: do(right)
[miner3] doing: do(right)
[miner2] doing: do(right)
[miner4] saying: in Q2 to 17x23
[miner2] doing: do(right)
[miner4] doing: do(down)
[miner1] saying: in Q3 to 16x16
[miner1] doing: do(down)
[miner3] doing: do(right)
[miner2] doing: do(right)
[miner4] doing: do(left)
[miner1] doing: do(down)
[miner3] doing: do(right)
[miner2] doing: do(right)
[miner4] doing: do(down)
[miner1] doing: do(right)
[miner3] doing: do(right)
[miner2] doing: do(right)
[miner4] doing: do(down)
[miner3] doing: do(right)
[miner1] doing: do(right)
[miner2] doing: do(right)
[miner3] saying: in Q2 to 0x34
[miner1] doing: do(right)
[miner4] doing: do(left)
[miner2] doing: do(right)
[miner3] doing: do(down)
[miner1] doing: do(right)
[miner4] doing: do(left)
[miner2] doing: do(right)
[miner3] doing: do(left)
[miner1] doing: do(right)
[miner4] doing: do(left)
[miner2] saying: in Q2 to 17x6
[miner3] doing: do(left)
[miner4] doing: do(left)
[miner2] doing: do(down)
[miner1] doing: do(right)
[miner4] doing: do(left)
[miner2] doing: do(down)
[miner3] doing: do(left)
[miner1] doing: do(down)
[miner4] doing: do(left)
[miner2] doing: do(left)
[miner3] doing: do(left)
[miner1] doing: do(down)
[miner4] doing: do(left)
[miner2] doing: do(left)
[miner3] doing: do(left)
[miner4] doing: do(left)
[miner3] doing: do(left)
[miner1] doing: do(right)
[miner2] doing: do(left)
[miner4] doing: do(left)
[miner3] doing: do(left)
[miner1] doing: do(right)
[miner2] doing: do(left)
[miner4] doing: do(left)
[miner3] doing: do(left)
[miner2] doing: do(left)
[miner1] doing: do(right)
[miner2] doing: do(left)
[miner4] doing: do(left)
[miner3] doing: do(left)
[miner1] doing: do(right)
[miner4] doing: do(left)
[miner2] doing: do(left)
[miner3] doing: do(left)
[miner1] doing: do(right)
[miner2] doing: do(left)
[miner4] doing: do(left)
[miner3] doing: do(left)
[miner4] doing: do(left)
[miner2] doing: do(left)
[miner3] doing: do(left)
[miner1] doing: do(right)
[miner4] saying: in Q3 to 34x25
[miner2] doing: do(left)
[miner3] doing: do(left)
[miner1] doing: do(right)
[miner4] doing: do(right)
[miner2] doing: do(left)
[miner3] doing: do(left)
[miner1] doing: do(up)
[miner4] doing: do(right)
[miner2] doing: do(left)
[miner3] saying: in Q3 to 16x34
[miner1] doing: do(up)
[miner2] doing: do(left)
[miner4] doing: do(right)
[miner2] doing: do(left)
[miner2] doing: do(left)
[miner3] doing: do(right)
[miner1] doing: do(right)
[miner4] doing: do(right)
[miner3] doing: do(right)
[miner1] saying: in Q4 to 0x0
[miner4] doing: do(right)
[miner3] doing: do(right)
[miner4] doing: do(right)
[miner2] saying: in Q3 to 34x8
[miner1] doing: do(up)
[miner4] doing: do(right)
[miner3] doing: do(right)
[miner2] doing: do(right)
[miner1] doing: do(left)
[miner4] doing: do(right)
[miner2] doing: do(right)
[miner3] doing: do(right)
[miner1] doing: do(up)
[miner3] doing: do(right)
[miner4] doing: do(right)
[miner2] doing: do(down)
[miner4] doing: do(right)
[miner3] doing: do(right)
[miner2] doing: do(right)
[miner4] doing: do(right)
[miner2] doing: do(down)
[miner3] doing: do(right)
[miner1] doing: do(up)
[miner4] doing: do(right)
[miner2] doing: do(right)
[miner3] doing: do(right)
[miner1] doing: do(up)
[miner4] doing: do(right)
[miner3] doing: do(right)
[miner1] doing: do(up)
[miner4] doing: do(right)
[miner2] doing: do(right)
[miner3] doing: do(right)
[miner1] doing: do(left)
[miner4] doing: do(down)
[miner2] doing: do(right)
[miner3] doing: do(right)
[miner2] doing: do(right)
[miner4] doing: do(down)
[miner3] doing: do(right)
[miner1] doing: do(up)
[miner2] doing: do(right)
[miner1] doing: do(up)
[miner1] doing: do(up)
[miner4] doing: do(right)
[miner2] doing: do(right)
[miner3] doing: do(right)
[miner2] doing: do(right)
[miner3] saying: in Q4 to 0x17
[miner3] doing: do(up)
[miner4] saying: in Q2 to 17x27
[miner4] doing: do(down)
[miner1] doing: do(up)
[miner2] doing: do(right)
[miner4] doing: do(down)
[miner1] doing: do(up)
[miner3] doing: do(left)
[miner2] doing: do(right)
[miner4] doing: do(left)
[miner1] doing: do(left)
[miner2] doing: do(right)
[miner4] doing: do(left)
[miner1] doing: do(left)
[miner3] doing: do(left)
[miner2] doing: do(right)
[miner3] doing: do(left)
[miner1] doing: do(up)
[miner4] doing: do(left)
[miner2] doing: do(right)
[miner3] doing: do(left)
[miner1] doing: do(up)
[miner2] saying: in Q2 to 17x10
[miner4] doing: do(left)
[miner4] doing: do(left)
[miner1] doing: do(up)
[miner3] doing: do(up)
[miner2] doing: do(down)
[miner4] doing: do(left)
[miner1] doing: do(up)
[miner4] doing: do(left)
[miner2] doing: do(down)
[miner3] doing: do(up)
[miner1] doing: do(up)
[miner4] doing: do(left)
[miner2] doing: do(left)
[miner3] doing: do(up)
[miner1] doing: do(up)
[miner4] doing: do(left)
[miner2] doing: do(left)
[miner3] doing: do(up)
[miner1] doing: do(left)
[miner4] doing: do(left)
[miner2] doing: do(left)
[miner3] doing: do(up)
[miner1] doing: do(left)
[miner4] doing: do(left)
[miner2] doing: do(left)
[miner1] doing: do(left)
[miner4] doing: do(left)
[miner2] doing: do(left)
[miner3] doing: do(up)
[miner1] doing: do(left)
[miner4] doing: do(left)
[miner2] doing: do(left)
[miner3] doing: do(up)
[miner1] doing: do(left)
[miner2] doing: do(left)
[miner3] doing: do(up)
[miner1] doing: do(left)
[miner4] doing: do(left)
[miner2] doing: do(left)
[miner4] doing: do(left)
[miner1] doing: do(left)
[miner2] doing: do(left)
[miner3] doing: do(up)
[miner1] doing: do(left)
[miner2] doing: do(left)
[miner4] saying: in Q3 to 34x29
[miner4] doing: do(down)
[miner3] doing: do(up)
[miner1] doing: do(left)
[miner2] doing: do(left)
[miner4] doing: do(down)
[miner3] doing: do(up)
[miner1] doing: do(left)
[miner2] doing: do(left)
[miner1] saying: in Q1 to 16x0
[miner2] doing: do(left)
[miner4] doing: do(right)
[miner2] doing: do(left)
[miner3] doing: do(left)
[miner4] doing: do(right)
[miner2] doing: do(left)
[miner1] doing: do(right)
[miner3] doing: do(left)
[miner1] doing: do(right)
[miner4] doing: do(right)
[miner2] saying: in Q3 to 34x12
[miner3] doing: do(up)
[miner1] doing: do(right)
[miner4] doing: do(right)
[miner2] doing: do(right)
[miner3] doing: do(left)
[miner1] doing: do(right)
[miner4] doing: do(right)
[miner2] doing: do(right)
[miner3] doing: do(left)
[miner1] doing: do(right)
[miner4] doing: do(right)
[miner2] doing: do(right)
[miner3] doing: do(up)
[miner1] doing: do(right)
[miner4] doing: do(right)
[miner2] doing: do(right)
[miner4] doing: do(right)
[miner2] doing: do(right)
[miner1] doing: do(right)
[miner3] doing: do(up)
[miner4] doing: do(right)
[miner2] doing: do(right)
[miner1] doing: do(right)
[miner3] doing: do(up)
[miner4] doing: do(right)
[miner2] doing: do(right)
[miner1] doing: do(right)
[miner3] doing: do(up)
[miner4] doing: do(right)
[miner2] doing: do(right)
[miner1] doing: do(right)
[miner4] doing: do(right)
[miner1] doing: do(right)
[miner4] doing: do(right)
[miner2] doing: do(right)
[miner1] doing: do(right)
[miner4] doing: do(right)
[miner3] doing: do(left)
[miner2] doing: do(right)
[miner4] doing: do(right)
[miner1] doing: do(right)
[miner2] doing: do(right)
[miner3] doing: do(left)
[miner1] doing: do(right)
[miner2] doing: do(right)
[miner4] saying: in Q2 to 17x31
[miner3] doing: do(left)
[miner2] doing: do(right)
[miner1] saying: in Q2 to 0x2
[miner3] doing: do(left)
[miner1] doing: do(left)
[miner2] doing: do(right)
[miner4] doing: do(down)
[miner3] doing: do(left)
[miner1] doing: do(down)
[miner4] doing: do(down)
[miner3] doing: do(left)
[miner2] doing: do(down)
[miner4] doing: do(left)
[miner1] doing: do(down)
[miner4] doing: do(left)
[miner1] doing: do(left)
[miner2] doing: do(right)
[miner3] saying: in Q1 to 16x17
[miner3] doing: do(right)
[miner2] saying: in Q2 to 17x14
[miner4] doing: do(left)
[miner1] doing: do(left)
[miner3] doing: do(right)
[miner2] doing: do(left)
[miner4] doing: do(left)
[miner2] doing: do(left)
[miner3] doing: do(right)
[miner2] doing: do(down)
[miner4] doing: do(left)
[miner1] doing: do(left)
[miner3] doing: do(right)
[miner2] doing: do(down)
[miner1] doing: do(left)
[miner4] doing: do(left)
[miner3] doing: do(right)
[miner2] doing: do(left)
[miner4] doing: do(left)
[miner1] doing: do(left)
[miner3] doing: do(right)
[miner4] doing: do(left)
[miner1] doing: do(left)
[miner2] doing: do(left)
[miner4] doing: do(left)
[miner1] doing: do(left)
[miner2] doing: do(left)
[miner3] doing: do(down)
[miner4] doing: do(left)
[miner1] doing: do(left)
[miner2] doing: do(left)
[miner3] doing: do(right)
[miner4] doing: do(left)
[miner1] doing: do(left)
[miner3] doing: do(right)
[miner2] doing: do(down)
[miner4] doing: do(left)
[miner1] doing: do(left)
[miner2] doing: do(left)
[miner4] doing: do(left)
[miner1] doing: do(left)
[miner3] doing: do(right)
[miner2] doing: do(left)
[miner1] doing: do(left)
[miner4] doing: do(left)
[miner3] doing: do(right)
[miner2] doing: do(left)
[miner1] doing: do(left)
[miner4] doing: do(left)
[miner3] doing: do(right)
[miner2] doing: do(left)
[miner1] saying: in Q3 to 16x4
[miner2] doing: do(left)
[miner4] saying: in Q3 to 34x33
[miner3] doing: do(right)
[miner2] doing: do(left)
[miner1] doing: do(right)
[miner4] doing: do(right)
[miner3] doing: do(right)
[miner2] doing: do(left)
[miner1] doing: do(right)
[miner4] doing: do(right)
[miner2] doing: do(left)
[miner1] doing: do(right)
[miner3] doing: do(up)
[miner4] doing: do(right)
[miner2] doing: do(left)
[miner1] doing: do(right)
[miner3] doing: do(right)
[miner3] saying: in Q2 to 0x19
[miner3] doing: do(down)
[miner4] doing: do(down)
[miner1] doing: do(right)
[miner3] doing: do(left)
[miner2] saying: in Q3 to 34x16
[miner2] doing: do(right)
[miner4] doing: do(down)
[miner1] doing: do(right)
[miner2] doing: do(right)
[miner3] doing: do(left)
[miner4] doing: do(right)
[miner1] doing: do(right)
[miner1] doing: do(right)
[miner4] doing: do(right)
[miner3] doing: do(left)
[miner2] doing: do(right)
[miner1] doing: do(down)
[miner2] doing: do(right)
[miner1] doing: do(down)
[miner3] doing: do(left)
[miner4] doing: do(right)
[miner2] doing: do(right)
[miner1] doing: do(right)
[miner3] doing: do(left)
[miner4] doing: do(right)
[miner2] doing: do(right)
[miner1] doing: do(right)
[miner3] doing: do(left)
[miner4] doing: do(right)
[miner1] doing: do(right)
[miner2] doing: do(right)
[miner3] doing: do(left)
[miner4] doing: do(right)
[miner2] doing: do(right)
[miner1] doing: do(right)
[miner4] doing: do(right)
[miner2] doing: do(right)
[miner3] doing: do(left)
[miner1] doing: do(right)
[miner4] doing: do(right)
[miner2] doing: do(up)
[miner3] doing: do(left)
[miner1] doing: do(right)
[miner4] doing: do(right)
[miner2] doing: do(right)
[miner3] doing: do(left)
[miner4] doing: do(right)
[miner1] saying: in Q2 to 0x6
[miner1] doing: do(down)
[miner2] doing: do(right)
[miner3] doing: do(left)
[miner4] doing: do(right)
[miner2] doing: do(down)
[miner3] doing: do(up)
[miner1] doing: do(down)
[miner4] doing: do(right)
[miner2] doing: do(down)
[miner1] doing: do(left)
[miner4] saying: in Q2 to 17x34
[miner4] doing: do(down)
[miner3] doing: do(left)
[miner2] doing: do(down)
[miner1] doing: do(left)
[miner3] doing: do(left)
[miner2] doing: do(right)
[miner4] doing: do(left)
[miner1] doing: do(left)
[miner3] doing: do(down)
[miner2] doing: do(right)
[miner4] doing: do(left)
[miner1] doing: do(left)
[miner3] doing: do(down)
[miner4] doing: do(left)
[miner2] doing: do(right)
[miner3] doing: do(left)
[miner1] doing: do(left)
[miner4] doing: do(left)
[miner2] doing: do(right)
[miner1] doing: do(left)
[miner4] doing: do(left)
[miner1] doing: do(left)
[miner4] doing: do(left)
[miner3] saying: in Q3 to 16x21
[miner3] doing: do(down)
[miner1] doing: do(left)
[miner4] doing: do(left)
[miner2] saying: in Q4 to 17x0
[miner3] doing: do(down)
[miner1] doing: do(left)
[miner2] doing: do(left)
[miner2] doing: do(left)
[miner1] doing: do(left)
[miner4] doing: do(left)
[miner3] doing: do(right)
[miner2] doing: do(up)
[miner1] doing: do(left)
[miner4] doing: do(left)
[miner3] doing: do(right)
[miner2] doing: do(up)
[miner1] doing: do(left)
[miner4] doing: do(left)
[miner3] doing: do(right)
[miner1] doing: do(left)
[miner4] doing: do(left)
[miner3] doing: do(right)
[miner1] doing: do(left)
[miner4] doing: do(left)
[miner3] doing: do(right)
[miner2] doing: do(up)
[miner1] saying: in Q3 to 16x8
[miner4] doing: do(left)
[miner2] doing: do(up)
[miner3] doing: do(right)
[miner4] doing: do(left)
[miner3] doing: do(right)
[miner4] doing: do(left)
[miner2] doing: do(up)
[miner3] doing: do(right)
[miner3] doing: do(right)
[miner2] doing: do(up)
[miner4] saying: in Q3 to 34x34
[miner3] doing: do(right)
[miner3] doing: do(right)
[miner1] doing: do(skip)
[miner2] doing: do(up)
[miner3] doing: do(right)
[miner4] doing: do(right)
[miner2] doing: do(up)
[miner4] doing: do(right)
[miner1] saying: in Q2 to 0x10
[miner3] doing: do(right)
[miner4] doing: do(right)
[miner2] doing: do(up)
[miner1] doing: do(down)
[miner4] doing: do(right)
[miner2] doing: do(up)
[miner1] doing: do(down)
[miner3] doing: do(right)
[miner4] doing: do(right)
[miner2] doing: do(up)
[miner3] saying: in Q2 to 0x23
[miner1] doing: do(down)
[miner4] doing: do(right)
[miner2] doing: do(up)
[miner3] doing: do(down)
[miner1] saying: in Q3 to 16x12
[miner4] doing: do(right)
[miner3] doing: do(left)
[miner2] doing: do(up)
[miner4] doing: do(right)
[miner3] doing: do(left)
[miner2] doing: do(up)
[miner1] doing: do(right)
[miner4] doing: do(right)
[miner3] doing: do(left)
[miner2] doing: do(up)
[miner1] doing: do(down)
[miner4] doing: do(right)
[miner3] doing: do(left)
[miner2] doing: do(up)
[miner1] doing: do(right)
[miner3] doing: do(left)
[miner1] doing: do(down)
[miner2] doing: do(left)
[miner4] doing: do(right)
[miner3] doing: do(left)
[miner1] doing: do(right)
[miner2] doing: do(left)
[miner4] doing: do(right)
[miner3] doing: do(left)
[miner1] doing: do(down)
[miner4] doing: do(right)
[miner4] doing: do(right)
[miner1] doing: do(right)
[miner2] doing: do(left)
[miner3] doing: do(left)
[miner4] doing: do(right)
[miner2] doing: do(left)
[miner1] doing: do(right)
[miner3] doing: do(left)
[miner4] saying: in Q4 to 17x17
[miner1] doing: do(right)
[miner1] doing: do(right)
[miner2] doing: do(left)
[miner3] doing: do(left)
[miner4] doing: do(up)
[miner2] doing: do(left)
[miner4] doing: do(up)
[miner1] doing: do(right)
[miner2] doing: do(left)
[miner1] doing: do(right)
[miner3] doing: do(left)
[miner4] doing: do(up)
[miner2] doing: do(left)
[miner1] doing: do(right)
[miner3] doing: do(left)
[miner4] doing: do(up)
[miner2] doing: do(left)
[miner3] doing: do(left)
[miner2] doing: do(left)
[miner1] doing: do(right)
[miner4] doing: do(up)
[miner2] doing: do(left)
[miner3] doing: do(left)
[miner2] doing: do(left)
[miner1] doing: do(right)
[miner4] doing: do(up)
[miner1] doing: do(right)
[miner2] doing: do(left)
[miner4] doing: do(up)
[miner3] saying: in Q3 to 16x25
[miner3] doing: do(right)
[miner1] doing: do(right)
[miner2] saying: in Q1 to 34x0
[miner4] doing: do(up)
[miner3] doing: do(right)
[miner4] doing: do(up)
[miner3] doing: do(right)
[miner2] doing: do(right)
[miner1] saying: in Q2 to 0x14
[miner1] doing: do(left)
[miner4] doing: do(up)
[miner2] doing: do(right)
[miner1] doing: do(left)
[miner4] doing: do(up)
[miner3] doing: do(right)
[miner2] doing: do(right)
[miner1] doing: do(left)
[miner4] doing: do(up)
[miner2] doing: do(right)
[miner3] doing: do(right)
[miner1] doing: do(left)
[miner4] doing: do(left)
[miner2] doing: do(right)
[miner3] doing: do(right)
[miner1] doing: do(left)
[miner4] doing: do(up)
[miner2] doing: do(right)
[miner3] doing: do(right)
[miner1] doing: do(left)
[miner2] doing: do(right)
[miner1] doing: do(left)
[miner2] doing: do(right)
[miner3] doing: do(right)
[miner4] doing: do(left)
[miner1] doing: do(left)
[miner4] doing: do(up)
[miner3] doing: do(right)
[miner2] doing: do(right)
[miner1] doing: do(left)
[miner4] doing: do(up)
[miner3] doing: do(right)
[miner2] doing: do(right)
[miner1] doing: do(left)
[miner4] doing: do(up)
[miner2] doing: do(right)
[miner1] doing: do(left)
[miner3] doing: do(down)
[miner4] doing: do(left)
[miner2] doing: do(right)
[miner1] doing: do(up)
[miner2] doing: do(right)
[miner4] doing: do(left)
[miner3] doing: do(down)
[miner1] doing: do(left)
[miner2] doing: do(right)
[miner4] doing: do(left)
[miner3] doing: do(down)
[miner1] doing: do(left)
[miner2] doing: do(right)
[miner4] doing: do(left)
[miner1] doing: do(down)
[miner2] saying: in Q2 to 17x2
[miner3] doing: do(right)
[miner1] doing: do(down)
[miner4] doing: do(up)
[miner2] doing: do(down)
[miner3] doing: do(right)
[miner1] doing: do(down)
[miner4] doing: do(left)
[miner3] doing: do(right)
[miner2] doing: do(down)
[miner4] doing: do(left)
[miner1] doing: do(left)
[miner3] doing: do(right)
[miner2] doing: do(left)
[miner3] saying: in Q2 to 0x27
[miner1] saying: in Q3 to 16x16
[miner2] doing: do(left)
[miner4] doing: do(left)
[miner3] doing: do(left)
[miner1] doing: do(down)
[miner2] doing: do(left)
[miner4] doing: do(left)
[miner3] doing: do(left)
[miner2] doing: do(left)
[miner1] doing: do(down)
[miner4] doing: do(left)
[miner2] doing: do(left)
[miner1] doing: do(right)
[miner4] doing: do(left)
[miner3] doing: do(left)
[miner2] doing: do(left)
[miner1] doing: do(right)
[miner4] doing: do(left)
[miner3] doing: do(left)
[miner2] doing: do(left)
[miner1] doing: do(right)
[miner3] doing: do(up)
[miner4] doing: do(left)
[miner2] doing: do(left)
[miner1] doing: do(right)
[miner4] doing: do(left)
[miner2] doing: do(left)
[miner1] doing: do(right)
[miner3] doing: do(up)
[miner4] saying: in Q1 to 34x17
[miner4] doing: do(right)
[miner2] doing: do(left)
[miner3] doing: do(up)
[miner1] doing: do(right)
[miner2] doing: do(left)
[miner3] doing: do(left)
[miner2] doing: do(left)
[miner3] doing: do(left)
[miner1] doing: do(down)
[miner2] doing: do(left)
[miner3] doing: do(left)
[miner4] doing: do(right)
[miner1] doing: do(down)
[miner2] doing: do(left)
[miner3] doing: do(left)
[miner4] doing: do(right)
[miner1] doing: do(right)
[miner4] doing: do(right)
[miner2] doing: do(left)
[miner1] doing: do(right)
[miner3] doing: do(left)
[miner4] doing: do(right)
[miner1] doing: do(right)
[miner4] doing: do(right)
[miner2] Found a goal for which there is no applicable plan:
+!repostGsize
    @end[atomic,source(self)] +endOfSimulation(S,_78) <- !repostGsize; -+free; .print("-- END ",S," --"). : {_80=0, S=5, _78=0, _81=34, _79=17, _82=16}

[miner2] No fail event was generated for +!repostGsize
[leader] saying: -- END 5 --
[miner3] Found a goal for which there is no applicable plan:
+!repostGsize
    @end[atomic,source(self)] +endOfSimulation(S,_117) <- !repostGsize; -+free; .print("-- END ",S," --"). : {S=5, _119=17, _117=0, _120=16, _121=34, _118=0}

[miner3] No fail event was generated for +!repostGsize
[miner4] Found a goal for which there is no applicable plan:
+!repostGsize
    @end[atomic,source(self)] +endOfSimulation(S,_156) <- !repostGsize; -+free; .print("-- END ",S," --"). : {_160=34, _157=17, S=5, _159=34, _156=0, _158=17}

[miner4] No fail event was generated for +!repostGsize
[miner1] Found a goal for which there is no applicable plan:
+!repostGsize
    @end[atomic,source(self)] +endOfSimulation(S,_39) <- !repostGsize; -+free; .print("-- END ",S," --"). : {_42=16, S=5, _39=0, _43=16, _41=0, _40=0}

[miner1] No fail event was generated for +!repostGsize
[leader] saying: Defining quadrants for 10x10 simulation 6
[leader] saying: Finished all quadrs for 6
[leader] saying: - InitPos miner2 is 1x2
[leader] saying: - InitPos miner3 is 0x3
[leader] saying: - InitPos miner4 is 2x4
[leader] saying: * InitPos miner1 is 2x0
[leader] saying: miner1's Quadrant is: 1
[leader] saying: miner2's Quadrant is: 2
[leader] saying: miner3's Quadrant is: 3
[leader] saying: miner4's Quadrant is: 4
